<?xml version="1.0" encoding="UTF-8"?>
<testng-results ignored="0" total="1" passed="0" failed="1" skipped="0">
  <reporter-output>
  </reporter-output>
  <suite started-at="2024-04-19T18:10:06 IST" name="Suite" finished-at="2024-04-19T18:10:48 IST" duration-ms="42063">
    <groups>
      <group name="cucumber">
        <method signature="AbstractTestNGCucumberTests.runScenario(io.cucumber.testng.PickleWrapper,io.cucumber.testng.FeatureWrapper)[pri:0, instance:com.test.testrunner.TestNGRunnerTest@68c9d179]" name="runScenario" class="io.cucumber.testng.AbstractTestNGCucumberTests"/>
      </group> <!-- cucumber -->
    </groups>
    <test started-at="2024-04-19T18:10:06 IST" name="Test" finished-at="2024-04-19T18:10:48 IST" duration-ms="42063">
      <class name="com.test.testrunner.TestNGRunnerTest">
        <test-method is-config="true" signature="setUpClass(org.testng.ITestContext)[pri:0, instance:com.test.testrunner.TestNGRunnerTest@68c9d179]" started-at="2024-04-19T18:10:06 IST" name="setUpClass" finished-at="2024-04-19T18:10:08 IST" duration-ms="1183" status="PASS">
          <params>
            <param index="0">
              <value>
                <![CDATA[org.testng.TestRunner@275bf9b3]]>
              </value>
            </param>
          </params>
          <reporter-output>
          </reporter-output>
        </test-method> <!-- setUpClass -->
        <test-method signature="runScenario(io.cucumber.testng.PickleWrapper,io.cucumber.testng.FeatureWrapper)[pri:0, instance:com.test.testrunner.TestNGRunnerTest@68c9d179]" started-at="2024-04-19T18:10:08 IST" name="runScenario" description="Runs Cucumber Scenarios" data-provider="scenarios" finished-at="2024-04-19T18:10:36 IST" duration-ms="28045" status="FAIL">
          <params>
            <param index="0">
              <value>
                <![CDATA["verify login with invalid data"]]>
              </value>
            </param>
            <param index="1">
              <value>
                <![CDATA["validate diffrent login scenarios"]]>
              </value>
            </param>
          </params>
          <exception class="java.lang.AssertionError">
            <message>
              <![CDATA[
expected: "Product"
 but was: "Products"]]>
            </message>
            <full-stacktrace>
              <![CDATA[java.lang.AssertionError: 
expected: "Product"
 but was: "Products"
at com.test.stepdef.Test.i_m_logged_in(Test.java:47)
at âœ½.I'm logged in(file:///C:/Users/awangate/eclipse-workspace/BDDCucumbeFramework/src/test/resources/features/test.feature:24)
]]>
            </full-stacktrace>
          </exception> <!-- java.lang.AssertionError -->
          <reporter-output>
          </reporter-output>
        </test-method> <!-- runScenario -->
        <test-method is-config="true" signature="tearDownClass()[pri:0, instance:com.test.testrunner.TestNGRunnerTest@68c9d179]" started-at="2024-04-19T18:10:36 IST" name="tearDownClass" finished-at="2024-04-19T18:10:48 IST" duration-ms="12751" status="PASS">
          <reporter-output>
          </reporter-output>
        </test-method> <!-- tearDownClass -->
      </class> <!-- com.test.testrunner.TestNGRunnerTest -->
    </test> <!-- Test -->
  </suite> <!-- Suite -->
</testng-results>
